<?xml version="1.0" encoding="UTF-8"?>
<testsuite name="com.eoc940.springboot.web.IndexControllerTest" tests="1" skipped="0" failures="0" errors="0" timestamp="2021-04-17T09:07:43" hostname="DESKTOP-FN1ETC0" time="0.255">
  <properties/>
  <testcase name="메인페이지_로딩" classname="com.eoc940.springboot.web.IndexControllerTest" time="0.255"/>
  <system-out><![CDATA[2021-04-17 18:07:39.024  INFO 25080 --- [    Test worker] .b.t.c.SpringBootTestContextBootstrapper : Neither @ContextConfiguration nor @ContextHierarchy found for test class [com.eoc940.springboot.web.IndexControllerTest], using SpringBootContextLoader
2021-04-17 18:07:39.026  INFO 25080 --- [    Test worker] o.s.t.c.support.AbstractContextLoader    : Could not detect default resource locations for test class [com.eoc940.springboot.web.IndexControllerTest]: no resource found for suffixes {-context.xml, Context.groovy}.
2021-04-17 18:07:39.026  INFO 25080 --- [    Test worker] t.c.s.AnnotationConfigContextLoaderUtils : Could not detect default configuration classes for test class [com.eoc940.springboot.web.IndexControllerTest]: IndexControllerTest does not declare any static, non-private, non-final, nested classes annotated with @Configuration.
2021-04-17 18:07:39.028  INFO 25080 --- [    Test worker] .b.t.c.SpringBootTestContextBootstrapper : Found @SpringBootConfiguration com.eoc940.springboot.Application for test class com.eoc940.springboot.web.IndexControllerTest
2021-04-17 18:07:39.029  INFO 25080 --- [    Test worker] .b.t.c.SpringBootTestContextBootstrapper : Loaded default TestExecutionListener class names from location [META-INF/spring.factories]: [org.springframework.security.test.context.support.WithSecurityContextTestExecutionListener, org.springframework.security.test.context.support.ReactorContextTestExecutionListener, org.springframework.boot.test.autoconfigure.restdocs.RestDocsTestExecutionListener, org.springframework.boot.test.autoconfigure.web.client.MockRestServiceServerResetTestExecutionListener, org.springframework.boot.test.autoconfigure.web.servlet.MockMvcPrintOnlyOnFailureTestExecutionListener, org.springframework.boot.test.autoconfigure.web.servlet.WebDriverTestExecutionListener, org.springframework.boot.test.mock.mockito.MockitoTestExecutionListener, org.springframework.boot.test.mock.mockito.ResetMocksTestExecutionListener, org.springframework.test.context.web.ServletTestExecutionListener, org.springframework.test.context.support.DirtiesContextBeforeModesTestExecutionListener, org.springframework.test.context.support.DependencyInjectionTestExecutionListener, org.springframework.test.context.support.DirtiesContextTestExecutionListener, org.springframework.test.context.transaction.TransactionalTestExecutionListener, org.springframework.test.context.jdbc.SqlScriptsTestExecutionListener]
2021-04-17 18:07:39.031  INFO 25080 --- [    Test worker] .b.t.c.SpringBootTestContextBootstrapper : Using TestExecutionListeners: [org.springframework.test.context.web.ServletTestExecutionListener@3eb22a79, org.springframework.test.context.support.DirtiesContextBeforeModesTestExecutionListener@43c96aa6, org.springframework.boot.test.mock.mockito.MockitoTestExecutionListener@1be9898a, org.springframework.boot.test.autoconfigure.SpringBootDependencyInjectionTestExecutionListener@55ac2bdc, org.springframework.test.context.support.DirtiesContextTestExecutionListener@7a6232f2, org.springframework.test.context.transaction.TransactionalTestExecutionListener@72f6eb42, org.springframework.test.context.jdbc.SqlScriptsTestExecutionListener@2584894f, org.springframework.security.test.context.support.WithSecurityContextTestExecutionListener@11c2b4e8, org.springframework.security.test.context.support.ReactorContextTestExecutionListener@7adcf180, org.springframework.boot.test.autoconfigure.restdocs.RestDocsTestExecutionListener@3f35a962, org.springframework.boot.test.autoconfigure.web.client.MockRestServiceServerResetTestExecutionListener@3efa913a, org.springframework.boot.test.autoconfigure.web.servlet.MockMvcPrintOnlyOnFailureTestExecutionListener@3a1b07f9, org.springframework.boot.test.autoconfigure.web.servlet.WebDriverTestExecutionListener@27d6b1cb, org.springframework.boot.test.mock.mockito.ResetMocksTestExecutionListener@353a72ea]

  .   ____          _            __ _ _
 /\\ / ___'_ __ _ _(_)_ __  __ _ \ \ \ \
( ( )\___ | '_ | '_| | '_ \/ _` | \ \ \ \
 \\/  ___)| |_)| | | | | || (_| |  ) ) ) )
  '  |____| .__|_| |_|_| |_\__, | / / / /
 =========|_|==============|___/=/_/_/_/
 :: Spring Boot ::        (v2.1.7.RELEASE)

2021-04-17 18:07:39.174  INFO 25080 --- [    Test worker] c.e.springboot.web.IndexControllerTest   : Starting IndexControllerTest on DESKTOP-FN1ETC0 with PID 25080 (started by hgk in C:\Users\김형근\Desktop\IT\springboot-first-bulletinboard)
2021-04-17 18:07:39.174  INFO 25080 --- [    Test worker] c.e.springboot.web.IndexControllerTest   : The following profiles are active: oauth
2021-04-17 18:07:39.645  INFO 25080 --- [    Test worker] .s.d.r.c.RepositoryConfigurationDelegate : Bootstrapping Spring Data repositories in DEFAULT mode.
2021-04-17 18:07:39.741  INFO 25080 --- [    Test worker] .s.d.r.c.RepositoryConfigurationDelegate : Finished Spring Data repository scanning in 96ms. Found 2 repository interfaces.
2021-04-17 18:07:39.934  INFO 25080 --- [    Test worker] trationDelegate$BeanPostProcessorChecker : Bean 'org.springframework.transaction.annotation.ProxyTransactionManagementConfiguration' of type [org.springframework.transaction.annotation.ProxyTransactionManagementConfiguration$$EnhancerBySpringCGLIB$$c9335979] is not eligible for getting processed by all BeanPostProcessors (for example: not eligible for auto-proxying)
2021-04-17 18:07:40.365  INFO 25080 --- [    Test worker] o.s.b.w.embedded.tomcat.TomcatWebServer  : Tomcat initialized with port(s): 0 (http)
2021-04-17 18:07:40.407  INFO 25080 --- [    Test worker] o.apache.catalina.core.StandardService   : Starting service [Tomcat]
2021-04-17 18:07:40.408  INFO 25080 --- [    Test worker] org.apache.catalina.core.StandardEngine  : Starting Servlet engine: [Apache Tomcat/9.0.22]
2021-04-17 18:07:40.732  INFO 25080 --- [    Test worker] o.a.c.c.C.[Tomcat].[localhost].[/]       : Initializing Spring embedded WebApplicationContext
2021-04-17 18:07:40.733  INFO 25080 --- [    Test worker] o.s.web.context.ContextLoader            : Root WebApplicationContext: initialization completed in 1554 ms
2021-04-17 18:07:41.057  INFO 25080 --- [    Test worker] com.zaxxer.hikari.HikariDataSource       : HikariPool-2 - Starting...
2021-04-17 18:07:41.060  INFO 25080 --- [    Test worker] com.zaxxer.hikari.HikariDataSource       : HikariPool-2 - Start completed.
2021-04-17 18:07:41.152  INFO 25080 --- [    Test worker] o.hibernate.jpa.internal.util.LogHelper  : HHH000204: Processing PersistenceUnitInfo [
	name: default
	...]
2021-04-17 18:07:41.182  INFO 25080 --- [    Test worker] org.hibernate.dialect.Dialect            : HHH000400: Using dialect: org.hibernate.dialect.MySQL5InnoDBDialect
Hibernate: drop table if exists posts
Hibernate: drop table if exists user
Hibernate: create table posts (id bigint not null auto_increment, created_date datetime, modified_date datetime, author varchar(255), content TEXT not null, title varchar(500) not null, primary key (id)) engine=InnoDB
Hibernate: create table user (id bigint not null auto_increment, created_date datetime, modified_date datetime, email varchar(255) not null, name varchar(255) not null, picture varchar(255), role varchar(255) not null, primary key (id)) engine=InnoDB
2021-04-17 18:07:41.278  INFO 25080 --- [    Test worker] o.h.t.schema.internal.SchemaCreatorImpl  : HHH000476: Executing import script 'org.hibernate.tool.schema.internal.exec.ScriptSourceInputNonExistentImpl@9d56b22'
2021-04-17 18:07:41.278  INFO 25080 --- [    Test worker] j.LocalContainerEntityManagerFactoryBean : Initialized JPA EntityManagerFactory for persistence unit 'default'
2021-04-17 18:07:41.837  INFO 25080 --- [    Test worker] o.h.h.i.QueryTranslatorFactoryInitiator  : HHH000397: Using ASTQueryTranslatorFactory
2021-04-17 18:07:42.095  INFO 25080 --- [    Test worker] o.s.s.web.DefaultSecurityFilterChain     : Creating filter chain: any request, [org.springframework.security.web.context.request.async.WebAsyncManagerIntegrationFilter@3d2c8cbf, org.springframework.security.web.context.SecurityContextPersistenceFilter@51695ebf, org.springframework.security.web.header.HeaderWriterFilter@74ba215e, org.springframework.security.web.authentication.logout.LogoutFilter@3c2f6111, org.springframework.security.oauth2.client.web.OAuth2AuthorizationRequestRedirectFilter@776d88e, org.springframework.security.oauth2.client.web.OAuth2LoginAuthenticationFilter@3fbd6923, org.springframework.security.web.authentication.ui.DefaultLoginPageGeneratingFilter@27284fed, org.springframework.security.web.authentication.ui.DefaultLogoutPageGeneratingFilter@4e15e106, org.springframework.security.web.savedrequest.RequestCacheAwareFilter@2ee7eec4, org.springframework.security.web.servletapi.SecurityContextHolderAwareRequestFilter@b729a97, org.springframework.security.web.authentication.AnonymousAuthenticationFilter@7f96f2e2, org.springframework.security.web.session.SessionManagementFilter@306382a6, org.springframework.security.web.access.ExceptionTranslationFilter@3669330d, org.springframework.security.web.access.intercept.FilterSecurityInterceptor@2d4bc03c]
2021-04-17 18:07:42.415  INFO 25080 --- [    Test worker] o.s.s.concurrent.ThreadPoolTaskExecutor  : Initializing ExecutorService 'applicationTaskExecutor'
2021-04-17 18:07:42.436  WARN 25080 --- [    Test worker] aWebConfiguration$JpaWebMvcConfiguration : spring.jpa.open-in-view is enabled by default. Therefore, database queries may be performed during view rendering. Explicitly configure spring.jpa.open-in-view to disable this warning
2021-04-17 18:07:42.480  INFO 25080 --- [    Test worker] o.s.b.a.w.s.WelcomePageHandlerMapping    : Adding welcome page template: index
2021-04-17 18:07:42.963  INFO 25080 --- [    Test worker] s.a.ScheduledAnnotationBeanPostProcessor : No TaskScheduler/ScheduledExecutorService bean found for scheduled processing
2021-04-17 18:07:43.016  INFO 25080 --- [    Test worker] o.s.b.w.embedded.tomcat.TomcatWebServer  : Tomcat started on port(s): 52425 (http) with context path ''
2021-04-17 18:07:43.016  INFO 25080 --- [    Test worker] c.e.springboot.web.IndexControllerTest   : Started IndexControllerTest in 3.983 seconds (JVM running for 19.391)
2021-04-17 18:07:43.137  INFO 25080 --- [o-auto-1-exec-1] o.a.c.c.C.[Tomcat].[localhost].[/]       : Initializing Spring DispatcherServlet 'dispatcherServlet'
2021-04-17 18:07:43.137  INFO 25080 --- [o-auto-1-exec-1] o.s.web.servlet.DispatcherServlet        : Initializing Servlet 'dispatcherServlet'
2021-04-17 18:07:43.172  INFO 25080 --- [o-auto-1-exec-1] o.s.web.servlet.DispatcherServlet        : Completed initialization in 35 ms
Hibernate: select posts0_.id as id1_0_, posts0_.created_date as created_2_0_, posts0_.modified_date as modified3_0_, posts0_.author as author4_0_, posts0_.content as content5_0_, posts0_.title as title6_0_ from posts posts0_ order by posts0_.id DESC
]]></system-out>
  <system-err><![CDATA[]]></system-err>
</testsuite>
